[16:09:38] [ServerMain/INFO]: Environment: authHost='https://authserver.mojang.com', accountsHost='https://api.mojang.com', sessionHost='https://sessionserver.mojang.com', servicesHost='https://api.minecraftservices.com', name='PROD'
[16:09:38] [ServerMain/INFO]: Found new data pack file/bukkit, loading it automatically
[16:09:40] [Worker-Main-15/INFO]: Loaded 7 recipes
[16:09:43] [Server thread/INFO]: Starting minecraft server version 1.18.2
[16:09:43] [Server thread/INFO]: Loading properties
[16:09:43] [Server thread/INFO]: This server is running CraftBukkit version 3498-Spigot-b081915-10ba1be (MC: 1.18.2) (Implementing API version 1.18.2-R0.1-SNAPSHOT)
[16:09:44] [Server thread/INFO]: Debug logging is disabled
[16:09:44] [Server thread/INFO]: Server Ping Player Sample Count: 12
[16:09:44] [Server thread/INFO]: Using 4 threads for Netty based IO
[16:09:44] [Server thread/INFO]: Default game type: SURVIVAL
[16:09:44] [Server thread/INFO]: Generating keypair
[16:09:44] [Server thread/INFO]: Starting Minecraft server on *:25565
[16:09:44] [Server thread/INFO]: Using default channel type
[16:09:44] [Server thread/INFO]: Preparing level "lobby"
[16:09:44] [Server thread/INFO]: -------- World Settings For [lobby] --------
[16:09:44] [Server thread/INFO]: Arrow Despawn Rate: 1200 Trident Respawn Rate:1200
[16:09:44] [Server thread/INFO]: Allow Zombie Pigmen to spawn from portal blocks: true
[16:09:44] [Server thread/INFO]: Item Merge Radius: 2.5
[16:09:44] [Server thread/INFO]: Item Despawn Rate: 6000
[16:09:44] [Server thread/INFO]: Simulation Distance: 10
[16:09:44] [Server thread/INFO]: View Distance: 10
[16:09:44] [Server thread/INFO]: Nerfing mobs spawned from spawners: false
[16:09:44] [Server thread/INFO]: Experience Merge Radius: 3.0
[16:09:44] [Server thread/INFO]: Mob Spawn Range: 6
[16:09:44] [Server thread/INFO]: Entity Activation Range: An 32 / Mo 32 / Ra 48 / Mi 16 / Tiv true / Isa false
[16:09:44] [Server thread/INFO]: Cactus Growth Modifier: 100%
[16:09:44] [Server thread/INFO]: Cane Growth Modifier: 100%
[16:09:44] [Server thread/INFO]: Melon Growth Modifier: 100%
[16:09:44] [Server thread/INFO]: Mushroom Growth Modifier: 100%
[16:09:44] [Server thread/INFO]: Pumpkin Growth Modifier: 100%
[16:09:44] [Server thread/INFO]: Sapling Growth Modifier: 100%
[16:09:44] [Server thread/INFO]: Beetroot Growth Modifier: 100%
[16:09:44] [Server thread/INFO]: Carrot Growth Modifier: 100%
[16:09:44] [Server thread/INFO]: Potato Growth Modifier: 100%
[16:09:44] [Server thread/INFO]: Wheat Growth Modifier: 100%
[16:09:44] [Server thread/INFO]: NetherWart Growth Modifier: 100%
[16:09:44] [Server thread/INFO]: Vine Growth Modifier: 100%
[16:09:44] [Server thread/INFO]: Cocoa Growth Modifier: 100%
[16:09:44] [Server thread/INFO]: Bamboo Growth Modifier: 100%
[16:09:44] [Server thread/INFO]: SweetBerry Growth Modifier: 100%
[16:09:44] [Server thread/INFO]: Kelp Growth Modifier: 100%
[16:09:44] [Server thread/INFO]: Custom Map Seeds:  Village: 10387312 Desert: 14357617 Igloo: 14357618 Jungle: 14357619 Swamp: 14357620 Monument: 10387313 Ocean: 14357621 Shipwreck: 165745295 End City: 10387313 Slime: 987234911 Nether: 30084232 Mansion: 10387319 Fossil: 14357921 Portal: 34222645
[16:09:44] [Server thread/INFO]: Entity Tracking Range: Pl 48 / An 48 / Mo 48 / Mi 32 / Other 64
[16:09:44] [Server thread/INFO]: Hopper Transfer: 8 Hopper Check: 1 Hopper Amount: 1
[16:09:44] [Server thread/INFO]: Max TNT Explosions: 100
[16:09:44] [Server thread/INFO]: Tile Max Tick Time: 50ms Entity max Tick Time: 50ms
[16:09:44] [Server thread/INFO]: Zombie Aggressive Towards Villager: true
[16:09:47] [Server thread/INFO]: -------- World Settings For [lobby_the_end] --------
[16:09:47] [Server thread/INFO]: Arrow Despawn Rate: 1200 Trident Respawn Rate:1200
[16:09:47] [Server thread/INFO]: Allow Zombie Pigmen to spawn from portal blocks: true
[16:09:47] [Server thread/INFO]: Item Merge Radius: 2.5
[16:09:47] [Server thread/INFO]: Item Despawn Rate: 6000
[16:09:47] [Server thread/INFO]: Simulation Distance: 10
[16:09:47] [Server thread/INFO]: View Distance: 10
[16:09:47] [Server thread/INFO]: Nerfing mobs spawned from spawners: false
[16:09:47] [Server thread/INFO]: Experience Merge Radius: 3.0
[16:09:47] [Server thread/INFO]: Mob Spawn Range: 6
[16:09:47] [Server thread/INFO]: Entity Activation Range: An 32 / Mo 32 / Ra 48 / Mi 16 / Tiv true / Isa false
[16:09:47] [Server thread/INFO]: Cactus Growth Modifier: 100%
[16:09:47] [Server thread/INFO]: Cane Growth Modifier: 100%
[16:09:47] [Server thread/INFO]: Melon Growth Modifier: 100%
[16:09:47] [Server thread/INFO]: Mushroom Growth Modifier: 100%
[16:09:47] [Server thread/INFO]: Pumpkin Growth Modifier: 100%
[16:09:47] [Server thread/INFO]: Sapling Growth Modifier: 100%
[16:09:47] [Server thread/INFO]: Beetroot Growth Modifier: 100%
[16:09:47] [Server thread/INFO]: Carrot Growth Modifier: 100%
[16:09:47] [Server thread/INFO]: Potato Growth Modifier: 100%
[16:09:47] [Server thread/INFO]: Wheat Growth Modifier: 100%
[16:09:47] [Server thread/INFO]: NetherWart Growth Modifier: 100%
[16:09:47] [Server thread/INFO]: Vine Growth Modifier: 100%
[16:09:47] [Server thread/INFO]: Cocoa Growth Modifier: 100%
[16:09:47] [Server thread/INFO]: Bamboo Growth Modifier: 100%
[16:09:47] [Server thread/INFO]: SweetBerry Growth Modifier: 100%
[16:09:47] [Server thread/INFO]: Kelp Growth Modifier: 100%
[16:09:47] [Server thread/INFO]: Custom Map Seeds:  Village: 10387312 Desert: 14357617 Igloo: 14357618 Jungle: 14357619 Swamp: 14357620 Monument: 10387313 Ocean: 14357621 Shipwreck: 165745295 End City: 10387313 Slime: 987234911 Nether: 30084232 Mansion: 10387319 Fossil: 14357921 Portal: 34222645
[16:09:47] [Server thread/INFO]: Entity Tracking Range: Pl 48 / An 48 / Mo 48 / Mi 32 / Other 64
[16:09:47] [Server thread/INFO]: Hopper Transfer: 8 Hopper Check: 1 Hopper Amount: 1
[16:09:47] [Server thread/INFO]: Max TNT Explosions: 100
[16:09:47] [Server thread/INFO]: Tile Max Tick Time: 50ms Entity max Tick Time: 50ms
[16:09:47] [Server thread/INFO]: Zombie Aggressive Towards Villager: true
[16:09:47] [Server thread/INFO]: Preparing start region for dimension minecraft:overworld
[16:09:48] [Worker-Main-16/INFO]: Preparing spawn area: 0%
[16:09:48] [Worker-Main-16/INFO]: Preparing spawn area: 0%
[16:09:48] [Worker-Main-18/INFO]: Preparing spawn area: 0%
[16:09:48] [Worker-Main-17/INFO]: Preparing spawn area: 0%
[16:09:49] [Worker-Main-22/INFO]: Preparing spawn area: 0%
[16:09:49] [Worker-Main-22/INFO]: Preparing spawn area: 0%
[16:09:50] [Worker-Main-18/INFO]: Preparing spawn area: 1%
[16:09:50] [Worker-Main-14/INFO]: Preparing spawn area: 2%
[16:09:51] [Worker-Main-21/INFO]: Preparing spawn area: 4%
[16:09:51] [Worker-Main-18/INFO]: Preparing spawn area: 6%
[16:09:52] [Worker-Main-18/INFO]: Preparing spawn area: 8%
[16:09:52] [Worker-Main-13/INFO]: Preparing spawn area: 10%
[16:09:53] [Worker-Main-13/INFO]: Preparing spawn area: 14%
[16:09:53] [Worker-Main-12/INFO]: Preparing spawn area: 16%
[16:09:54] [Worker-Main-22/INFO]: Preparing spawn area: 21%
[16:09:54] [Worker-Main-14/INFO]: Preparing spawn area: 28%
[16:09:55] [Worker-Main-21/INFO]: Preparing spawn area: 35%
[16:09:55] [Worker-Main-12/INFO]: Preparing spawn area: 43%
[16:09:56] [Worker-Main-16/INFO]: Preparing spawn area: 48%
[16:09:56] [Worker-Main-15/INFO]: Preparing spawn area: 55%
[16:09:57] [Worker-Main-19/INFO]: Preparing spawn area: 61%
[16:09:57] [Worker-Main-18/INFO]: Preparing spawn area: 68%
[16:09:58] [Worker-Main-20/INFO]: Preparing spawn area: 74%
[16:09:58] [Worker-Main-18/INFO]: Preparing spawn area: 83%
[16:09:59] [Worker-Main-14/INFO]: Preparing spawn area: 88%
[16:09:59] [Worker-Main-15/INFO]: Preparing spawn area: 95%
[16:10:00] [Server thread/INFO]: Time elapsed: 12681 ms
[16:10:00] [Server thread/INFO]: Preparing start region for dimension minecraft:the_end
[16:10:00] [Worker-Main-13/INFO]: Preparing spawn area: 0%
[16:10:00] [Worker-Main-20/INFO]: Preparing spawn area: 0%
[16:10:01] [Worker-Main-17/INFO]: Preparing spawn area: 51%
[16:10:01] [Server thread/INFO]: Time elapsed: 1232 ms
[16:10:01] [Server thread/INFO]: Server permissions file permissions.yml is empty, ignoring it
[16:10:01] [Server thread/INFO]: Done (16.776s)! For help, type "help"
[16:10:54] [User Authenticator #1/INFO]: UUID of player LordEyris is 6366dfc5-b27f-4774-9cdb-545a7ae2cad9
[16:10:54] [Server thread/INFO]: LordEyris[/127.0.0.1:1034] logged in with entity id 147 at ([lobby]0.5, 64.0, 0.5)
[16:11:30] [Async Chat Thread - #0/INFO]: <LordEyris> gamemode[m
[16:11:34] [Server thread/INFO]: LordEyris lost connection: Disconnected
[16:11:34] [Server thread/INFO]: LordEyris left the game
[16:11:41] [Server thread/INFO]: Stopping the server
[16:11:41] [Server thread/INFO]: Stopping server
[16:11:41] [Server thread/INFO]: Saving players
[16:11:41] [Server thread/INFO]: Saving worlds
[16:11:42] [Server thread/INFO]: Saving chunks for level 'ServerLevel[lobby]'/minecraft:overworld
[16:11:42] [Server thread/INFO]: Saving chunks for level 'ServerLevel[lobby_the_end]'/minecraft:the_end
[16:11:42] [Server thread/INFO]: ThreadedAnvilChunkStorage (lobby): All chunks are saved
[16:11:42] [Server thread/INFO]: ThreadedAnvilChunkStorage (DIM1): All chunks are saved
[16:11:42] [Server thread/INFO]: ThreadedAnvilChunkStorage: All dimensions are saved
